<?xml version="1.0" encoding="UTF-8"?>
<testng-results ignored="0" total="2" passed="2" failed="0" skipped="0">
  <reporter-output>
  </reporter-output>
  <suite started-at="2022-09-18T17:15:18 IST" name="Suite" finished-at="2022-09-18T17:15:29 IST" duration-ms="11348">
    <groups>
    </groups>
    <test started-at="2022-09-18T17:15:18 IST" name="Test" finished-at="2022-09-18T17:15:29 IST" duration-ms="11348">
      <class name="tests.LoginTest">
        <test-method is-config="true" signature="init()[pri:0, instance:tests.LoginTest@61df66b6]" started-at="2022-09-18T17:15:16 IST" name="init" finished-at="2022-09-18T17:15:18 IST" duration-ms="1613" status="PASS">
          <reporter-output>
          </reporter-output>
        </test-method> <!-- init -->
        <test-method signature="LoginLockUserTest(java.lang.String)[pri:1, instance:tests.LoginTest@61df66b6]" started-at="2022-09-18T17:15:18 IST" name="LoginLockUserTest" finished-at="2022-09-18T17:15:24 IST" duration-ms="6311" status="PASS">
          <params>
            <param index="0">
              <value>
                <![CDATA[chrome]]>
              </value>
            </param>
          </params>
          <reporter-output>
          </reporter-output>
        </test-method> <!-- LoginLockUserTest -->
        <test-method is-config="true" signature="closetest()[pri:0, instance:tests.LoginTest@61df66b6]" started-at="2022-09-18T17:15:24 IST" name="closetest" finished-at="2022-09-18T17:15:24 IST" duration-ms="267" status="PASS">
          <reporter-output>
          </reporter-output>
        </test-method> <!-- closetest -->
        <test-method signature="LoginInvalidUserTest(java.lang.String)[pri:2, instance:tests.LoginTest@61df66b6]" started-at="2022-09-18T17:15:24 IST" name="LoginInvalidUserTest" finished-at="2022-09-18T17:15:29 IST" duration-ms="4418" status="PASS">
          <params>
            <param index="0">
              <value>
                <![CDATA[chrome]]>
              </value>
            </param>
          </params>
          <reporter-output>
          </reporter-output>
        </test-method> <!-- LoginInvalidUserTest -->
        <test-method is-config="true" signature="closetest()[pri:0, instance:tests.LoginTest@61df66b6]" started-at="2022-09-18T17:15:29 IST" name="closetest" finished-at="2022-09-18T17:15:29 IST" duration-ms="294" status="PASS">
          <reporter-output>
          </reporter-output>
        </test-method> <!-- closetest -->
        <test-method is-config="true" signature="teardown()[pri:0, instance:tests.LoginTest@61df66b6]" started-at="2022-09-18T17:15:29 IST" name="teardown" finished-at="2022-09-18T17:15:29 IST" duration-ms="1" status="PASS">
          <reporter-output>
          </reporter-output>
        </test-method> <!-- teardown -->
      </class> <!-- tests.LoginTest -->
    </test> <!-- Test -->
  </suite> <!-- Suite -->
</testng-results>
